<?xml version="1.0" encoding="UTF-8"?>
<!-- Generated by org.testng.reporters.JUnitXMLReporter -->
<testsuite ignored="0" hostname="ASUS" failures="0" tests="4" name="Command line test" time="14.966" errors="0" timestamp="2022-12-08T12:06:54 IST">
  <testcase classname="com.reqres.api.test.TestDELETEUser" name="testDelete" time="0.009"/>
  <testcase classname="com.reqres.api.test.TestGETuser" name="TestGet" time="8.976"/>
  <testcase classname="com.reqres.api.test.TestPOSTUser" name="createuser" time="3.055"/>
  <testcase classname="com.reqres.api.test.TestPUTuser" name="testPatch" time="0.904"/>
</testsuite> <!-- Command line test -->
