<?xml version="1.0" encoding="UTF-8"?>
<!-- Generated by org.testng.reporters.JUnitXMLReporter -->
<testsuite ignored="0" hostname="cpu-1260" failures="0" tests="3" name="Command line test" time="3.997" errors="0" timestamp="2022-11-24T10:07:09 IST">
  <testcase classname="com.reqres.api.test.TestGETuser" name="TestGet" time="1.781"/>
  <testcase classname="com.reqres.api.test.TestPOSTUser" name="createuser" time="1.023"/>
  <testcase classname="com.reqres.api.test.TestPUTuser" name="testPatch" time="0.849"/>
</testsuite> <!-- Command line test -->
