<?xml version="1.0" encoding="UTF-8"?>
<testng-results ignored="0" total="4" passed="4" failed="0" skipped="0">
  <reporter-output>
  </reporter-output>
  <suite started-at="2022-12-08T12:06:38 IST" name="Command line suite" finished-at="2022-12-08T12:06:53 IST" duration-ms="14966">
    <groups>
    </groups>
    <test started-at="2022-12-08T12:06:38 IST" name="Command line test" finished-at="2022-12-08T12:06:53 IST" duration-ms="14966">
      <class name="com.reqres.api.test.TestDELETEUser">
        <test-method signature="testDelete()[pri:0, instance:com.reqres.api.test.TestDELETEUser@382db087]" started-at="2022-12-08T12:06:38 IST" name="testDelete" finished-at="2022-12-08T12:06:38 IST" duration-ms="9" status="PASS">
          <reporter-output>
          </reporter-output>
        </test-method> <!-- testDelete -->
      </class> <!-- com.reqres.api.test.TestDELETEUser -->
      <class name="com.reqres.api.test.TestPOSTUser">
        <test-method is-config="true" signature="init()[pri:0, instance:com.reqres.api.test.TestPOSTUser@80169cf]" started-at="2022-12-08T12:06:49 IST" name="init" finished-at="2022-12-08T12:06:49 IST" duration-ms="2" status="PASS">
          <reporter-output>
          </reporter-output>
        </test-method> <!-- init -->
        <test-method signature="createuser()[pri:0, instance:com.reqres.api.test.TestPOSTUser@80169cf]" started-at="2022-12-08T12:06:49 IST" name="createuser" finished-at="2022-12-08T12:06:52 IST" duration-ms="3055" status="PASS">
          <reporter-output>
          </reporter-output>
        </test-method> <!-- createuser -->
      </class> <!-- com.reqres.api.test.TestPOSTUser -->
      <class name="com.reqres.api.test.TestGETuser">
        <test-method is-config="true" signature="init()[pri:0, instance:com.reqres.api.test.TestGETuser@73d4cc9e]" started-at="2022-12-08T12:06:38 IST" name="init" finished-at="2022-12-08T12:06:40 IST" duration-ms="1913" status="PASS">
          <reporter-output>
          </reporter-output>
        </test-method> <!-- init -->
        <test-method signature="TestGet()[pri:0, instance:com.reqres.api.test.TestGETuser@73d4cc9e]" started-at="2022-12-08T12:06:40 IST" name="TestGet" finished-at="2022-12-08T12:06:49 IST" duration-ms="8976" status="PASS">
          <reporter-output>
          </reporter-output>
        </test-method> <!-- TestGet -->
      </class> <!-- com.reqres.api.test.TestGETuser -->
      <class name="com.reqres.api.test.TestPUTuser">
        <test-method is-config="true" signature="init()[pri:0, instance:com.reqres.api.test.TestPUTuser@5427c60c]" started-at="2022-12-08T12:06:52 IST" name="init" finished-at="2022-12-08T12:06:52 IST" duration-ms="1" status="PASS">
          <reporter-output>
          </reporter-output>
        </test-method> <!-- init -->
        <test-method signature="testPatch()[pri:0, instance:com.reqres.api.test.TestPUTuser@5427c60c]" started-at="2022-12-08T12:06:52 IST" name="testPatch" finished-at="2022-12-08T12:06:53 IST" duration-ms="904" status="PASS">
          <reporter-output>
          </reporter-output>
        </test-method> <!-- testPatch -->
      </class> <!-- com.reqres.api.test.TestPUTuser -->
    </test> <!-- Command line test -->
  </suite> <!-- Command line suite -->
</testng-results>
