<?xml version="1.0" encoding="UTF-8"?>
<testng-results ignored="0" total="1" passed="1" failed="0" skipped="0">
  <reporter-output>
  </reporter-output>
  <suite started-at="2022-12-08T10:56:51 IST" name="com.reqres.api.test.seleniumWeb" finished-at="2022-12-08T10:57:41 IST" duration-ms="49974">
    <groups>
    </groups>
    <test started-at="2022-12-08T10:56:51 IST" name="Command line test" finished-at="2022-12-08T10:57:41 IST" duration-ms="49974">
      <class name="com.reqres.api.test.seleniumWeb">
        <test-method is-config="true" signature="setup()[pri:0, instance:com.reqres.api.test.seleniumWeb@4fcd19b3]" started-at="2022-12-08T10:56:51 IST" name="setup" finished-at="2022-12-08T10:57:26 IST" duration-ms="34843" status="PASS">
          <reporter-output>
          </reporter-output>
        </test-method> <!-- setup -->
        <test-method signature="automation()[pri:0, instance:com.reqres.api.test.seleniumWeb@4fcd19b3]" started-at="2022-12-08T10:57:26 IST" name="automation" finished-at="2022-12-08T10:57:41 IST" duration-ms="14905" status="PASS">
          <reporter-output>
          </reporter-output>
        </test-method> <!-- automation -->
      </class> <!-- com.reqres.api.test.seleniumWeb -->
    </test> <!-- Command line test -->
  </suite> <!-- com.reqres.api.test.seleniumWeb -->
</testng-results>
